<?xml version="1.0" encoding="UTF-8"?>
<robot generator="Robot 7.2.2 (Python 3.13.2 on win32)" generated="2025-04-09T15:19:22.174309" rpa="false" schemaversion="5">
<suite id="s1" name="LoginTest" source="C:\Users\vijaybh\PycharmProjects\PythonProject\UI_Tests\LoginTest.robot">
<test id="s1-t1" name="Validate products listed on the dashboard page" line="28">
<kw name="open the browser and hit the url" owner="common-resources" type="SETUP">
<kw name="Create Webdriver" owner="SeleniumLibrary">
<msg time="2025-04-09T15:19:23.443499" level="INFO">Creating an instance of the Chrome WebDriver.</msg>
<arg>Chrome</arg>
<doc>Creates an instance of Selenium WebDriver.</doc>
<status status="PASS" start="2025-04-09T15:19:23.442734" elapsed="6.403395"/>
</kw>
<kw name="Go To" owner="SeleniumLibrary">
<msg time="2025-04-09T15:19:29.848553" level="INFO">Opening url 'https://rahulshettyacademy.com/loginpagePractise/'</msg>
<arg>${url}</arg>
<doc>Navigates the current browser window to the provided ``url``.</doc>
<status status="PASS" start="2025-04-09T15:19:29.847404" elapsed="0.684710"/>
</kw>
<status status="PASS" start="2025-04-09T15:19:23.439240" elapsed="7.093513"/>
</kw>
<kw name="Fill in the login form" owner="common-resources">
<kw name="Wait Until Element Is Visible" owner="SeleniumLibrary">
<arg>${password_locator}</arg>
<doc>Waits until the element ``locator`` is visible.</doc>
<status status="PASS" start="2025-04-09T15:19:30.536049" elapsed="0.980710"/>
</kw>
<kw name="Input Text" owner="SeleniumLibrary">
<msg time="2025-04-09T15:19:31.520586" level="INFO">Typing text 'rahulshettyacademy' into text field 'xpath://input[@id='username']'.</msg>
<arg>${username_locator}</arg>
<arg>${username}</arg>
<doc>Types the given ``text`` into the text field identified by ``locator``.</doc>
<status status="PASS" start="2025-04-09T15:19:31.517994" elapsed="3.661864"/>
</kw>
<kw name="Input Password" owner="SeleniumLibrary">
<msg time="2025-04-09T15:19:35.186788" level="INFO">Typing password into text field 'xpath://input[@id='password']'.</msg>
<msg time="2025-04-09T15:19:35.664157" level="INFO">Temporally setting log level to: NONE</msg>
<arg>${password_locator}</arg>
<arg>${password}</arg>
<doc>Types the given password into the text field identified by ``locator``.</doc>
<status status="PASS" start="2025-04-09T15:19:35.180770" elapsed="1.380769"/>
</kw>
<kw name="Click Button" owner="SeleniumLibrary">
<msg time="2025-04-09T15:19:36.563848" level="INFO">Clicking button 'xpath://input[@id='signInBtn']'.</msg>
<arg>${login_button_locator}</arg>
<doc>Clicks the button identified by ``locator``.</doc>
<status status="PASS" start="2025-04-09T15:19:36.562555" elapsed="0.889231"/>
</kw>
<arg>${username}</arg>
<arg>${password}</arg>
<status status="PASS" start="2025-04-09T15:19:30.533742" elapsed="6.919149"/>
</kw>
<kw name="Create List" owner="BuiltIn">
<msg time="2025-04-09T15:19:37.456814" level="INFO">${expected_products_list} = ['iphone X', 'Samsung Note 8', 'Nokia Edge', 'Blackberry']</msg>
<var>${expected_products_list}</var>
<arg>iphone X</arg>
<arg>Samsung Note 8</arg>
<arg>Nokia Edge</arg>
<arg>Blackberry</arg>
<doc>Returns a list containing given items.</doc>
<status status="PASS" start="2025-04-09T15:19:37.454477" elapsed="0.002683"/>
</kw>
<kw name="Wait until locator element is visible" owner="common-resources">
<kw name="Wait Until Element Is Visible" owner="SeleniumLibrary">
<msg time="2025-04-09T15:19:43.736021" level="INFO" html="true">&lt;/td&gt;&lt;/tr&gt;&lt;tr&gt;&lt;td colspan="3"&gt;&lt;a href="selenium-screenshot-1.png"&gt;&lt;img src="selenium-screenshot-1.png" width="800px"&gt;&lt;/a&gt;</msg>
<msg time="2025-04-09T15:19:43.737822" level="FAIL">Element '//a[normalize-space()='ProtoCommerce Home']' not visible after 5 seconds.</msg>
<arg>${element}</arg>
<doc>Waits until the element ``locator`` is visible.</doc>
<status status="FAIL" start="2025-04-09T15:19:37.461402" elapsed="7.828893">Element '//a[normalize-space()='ProtoCommerce Home']' not visible after 5 seconds.</status>
</kw>
<arg>${dashboard_title_locator}</arg>
<status status="FAIL" start="2025-04-09T15:19:37.458977" elapsed="7.833447">Element '//a[normalize-space()='ProtoCommerce Home']' not visible after 5 seconds.</status>
</kw>
<kw name="Validate products listed on the dashboard page" owner="dashboard-page">
<var>${actual_products_list}</var>
<status status="NOT RUN" start="2025-04-09T15:19:45.294970" elapsed="0.001097"/>
</kw>
<kw name="Lists Should Be Equal" owner="Collections">
<arg>${actual_products_list}</arg>
<arg>${expected_products_list}</arg>
<doc>Fails if given lists are unequal.</doc>
<status status="NOT RUN" start="2025-04-09T15:19:45.297429" elapsed="0.005042"/>
</kw>
<kw name="Select product add to cart button" owner="dashboard-page">
<arg>Nokia Edge</arg>
<status status="NOT RUN" start="2025-04-09T15:19:45.304464" elapsed="0.001182"/>
</kw>
<status status="FAIL" start="2025-04-09T15:19:23.436212" elapsed="21.870375">Element '//a[normalize-space()='ProtoCommerce Home']' not visible after 5 seconds.</status>
</test>
<doc>This test is to validate login page</doc>
<status status="FAIL" start="2025-04-09T15:19:22.246567" elapsed="23.111494"/>
</suite>
<statistics>
<total>
<stat pass="0" fail="1" skip="0">All Tests</stat>
</total>
<tag>
</tag>
<suite>
<stat name="LoginTest" id="s1" pass="0" fail="1" skip="0">LoginTest</stat>
</suite>
</statistics>
<errors>
</errors>
</robot>
